2022-03-11T10:29:35.5092063 405 : [{"timestamp":"2022-03-11T15:29:35.488+00:00","status":405,"error":"Method Not Allowed","message":"Request method 'GET' not supported","path":"/api/account/"}]
2022-03-11T11:37:59.9111477 405 : [{"timestamp":"2022-03-11T16:37:59.891+00:00","status":405,"error":"Method Not Allowed","message":"Request method 'GET' not supported","path":"/api/account/send/1003/1001/50"}]
2022-03-11T11:37:59.9437079 415 : [{"timestamp":"2022-03-11T16:37:59.942+00:00","status":415,"error":"Unsupported Media Type","message":"Content type 'application/x-www-form-urlencoded;charset=UTF-8' not supported","path":"/api/transfer/"}]
2022-03-11T11:39:44.5680847 405 : [{"timestamp":"2022-03-11T16:39:44.541+00:00","status":405,"error":"Method Not Allowed","message":"Request method 'GET' not supported","path":"/api/account/send/1003/1001/33"}]
2022-03-11T11:39:44.6135803 415 : [{"timestamp":"2022-03-11T16:39:44.611+00:00","status":415,"error":"Unsupported Media Type","message":"Content type 'application/x-www-form-urlencoded;charset=UTF-8' not supported","path":"/api/transfer/"}]
2022-03-11T11:45:35.8298626 405 : [{"timestamp":"2022-03-11T16:45:35.827+00:00","status":405,"error":"Method Not Allowed","message":"Request method 'GET' not supported","path":"/api/account/send/1003/1001/300"}]
2022-03-11T11:45:35.8523872 415 : [{"timestamp":"2022-03-11T16:45:35.850+00:00","status":415,"error":"Unsupported Media Type","message":"Content type 'application/x-www-form-urlencoded;charset=UTF-8' not supported","path":"/api/transfer/"}]
2022-03-11T11:53:58.0906598 405 : [{"timestamp":"2022-03-11T16:53:58.067+00:00","status":405,"error":"Method Not Allowed","message":"Request method 'GET' not supported","path":"/api/account/send/1003/1001/33"}]
2022-03-11T11:53:58.1254881 415 : [{"timestamp":"2022-03-11T16:53:58.123+00:00","status":415,"error":"Unsupported Media Type","message":"Content type 'application/x-www-form-urlencoded;charset=UTF-8' not supported","path":"/api/transfer/"}]
2022-03-11T11:55:43.4016311 405 : [{"timestamp":"2022-03-11T16:55:43.380+00:00","status":405,"error":"Method Not Allowed","message":"Request method 'GET' not supported","path":"/api/account/send/1003/1001/33"}]
2022-03-11T11:55:43.4352488 415 : [{"timestamp":"2022-03-11T16:55:43.433+00:00","status":415,"error":"Unsupported Media Type","message":"Content type 'application/x-www-form-urlencoded;charset=UTF-8' not supported","path":"/api/transfer/"}]
2022-03-11T12:25:10.9681869 401 : [no body]
2022-03-11T12:25:11.0734779 401 : [no body]
2022-03-11T12:32:08.6552204 405 : [{"timestamp":"2022-03-11T17:32:08.582+00:00","status":405,"error":"Method Not Allowed","message":"Request method 'GET' not supported","path":"/api/account/send/1003/1001/33"}]
2022-03-11T12:37:08.2020534 405 : [{"timestamp":"2022-03-11T17:37:08.185+00:00","status":405,"error":"Method Not Allowed","message":"Request method 'GET' not supported","path":"/api/account/send/1003/1002/44"}]
2022-03-11T12:39:38.6233679 405 : [{"timestamp":"2022-03-11T17:39:38.589+00:00","status":405,"error":"Method Not Allowed","message":"Request method 'GET' not supported","path":"/api/account/send/1003/1002/44"}]
2022-03-11T12:39:38.6763836 415 : [{"timestamp":"2022-03-11T17:39:38.673+00:00","status":415,"error":"Unsupported Media Type","message":"Content type 'application/x-www-form-urlencoded;charset=UTF-8' not supported","path":"/api/transfer/"}]
2022-03-11T12:42:42.6431128 405 : [{"timestamp":"2022-03-11T17:42:42.626+00:00","status":405,"error":"Method Not Allowed","message":"Request method 'POST' not supported","path":"/api/account/send/1003/1001/33"}]
2022-03-11T12:42:42.6732732 415 : [{"timestamp":"2022-03-11T17:42:42.672+00:00","status":415,"error":"Unsupported Media Type","message":"Content type 'application/x-www-form-urlencoded;charset=UTF-8' not supported","path":"/api/transfer/"}]
2022-03-11T12:56:31.0065642 405 : [{"timestamp":"2022-03-11T17:56:30.980+00:00","status":405,"error":"Method Not Allowed","message":"Request method 'POST' not supported","path":"/api/account/send/2007/2003/33"}]
2022-03-11T12:56:31.0343732 415 : [{"timestamp":"2022-03-11T17:56:31.033+00:00","status":415,"error":"Unsupported Media Type","message":"Content type 'application/x-www-form-urlencoded;charset=UTF-8' not supported","path":"/api/transfer/"}]
2022-03-11T15:31:20.9190028 405 : [{"timestamp":"2022-03-11T20:31:20.900+00:00","status":405,"error":"Method Not Allowed","message":"Request method 'POST' not supported","path":"/api/account/send/2007/2003/33"}]
2022-03-11T15:31:20.9539415 415 : [{"timestamp":"2022-03-11T20:31:20.952+00:00","status":415,"error":"Unsupported Media Type","message":"Content type 'application/x-www-form-urlencoded;charset=UTF-8' not supported","path":"/api/transfer/"}]
2022-03-11T15:58:34.5204722 405 : [{"timestamp":"2022-03-11T20:58:34.498+00:00","status":405,"error":"Method Not Allowed","message":"Request method 'POST' not supported","path":"/api/account/send/2007/2003/33"}]
2022-03-11T15:58:34.5555476 415 : [{"timestamp":"2022-03-11T20:58:34.553+00:00","status":415,"error":"Unsupported Media Type","message":"Content type 'application/x-www-form-urlencoded;charset=UTF-8' not supported","path":"/api/transfer/"}]
2022-03-11T16:14:10.7112102 415 : [{"timestamp":"2022-03-11T21:14:10.693+00:00","status":415,"error":"Unsupported Media Type","message":"Content type 'application/x-www-form-urlencoded;charset=UTF-8' not supported","path":"/api/transfer/"}]
2022-03-11T16:58:42.4875697 415 : [{"timestamp":"2022-03-11T21:58:42.468+00:00","status":415,"error":"Unsupported Media Type","message":"Content type 'application/x-www-form-urlencoded;charset=UTF-8' not supported","path":"/api/transfer/"}]
2022-03-11T17:06:47.9996182 500 : [{"timestamp":"2022-03-11T22:06:47.978+00:00","status":500,"error":"Internal Server Error","message":"PreparedStatementCallback; SQL [Insert Into transfer (transfer_type_id, transfer_status_id, account... (714 bytes)]
2022-03-11T17:34:02.4065757 401 : [no body]
2022-03-11T17:36:57.1047708 500 : [{"timestamp":"2022-03-11T23:36:57.091+00:00","status":500,"error":"Internal Server Error","message":"PreparedStatementCallback; SQL [Insert Into transfer (transfer_type_id, transfer_status_id, account... (695 bytes)]
2022-03-11T17:38:02.7751695 500 : [{"timestamp":"2022-03-11T23:38:02.774+00:00","status":500,"error":"Internal Server Error","message":"PreparedStatementCallback; SQL [Insert Into transfer (transfer_type_id, transfer_status_id, account... (698 bytes)]
2022-03-11T17:38:16.0964831 500 : [{"timestamp":"2022-03-11T23:38:16.095+00:00","status":500,"error":"Internal Server Error","message":"PreparedStatementCallback; SQL [Insert Into transfer (transfer_type_id, transfer_status_id, account... (701 bytes)]
2022-03-11T17:41:36.4252989 500 : [{"timestamp":"2022-03-11T23:41:36.424+00:00","status":500,"error":"Internal Server Error","message":"PreparedStatementCallback; SQL [Insert Into transfer (transfer_type_id, transfer_status_id, account... (695 bytes)]
2022-03-11T17:43:28.5064262 500 : [{"timestamp":"2022-03-11T23:43:28.474+00:00","status":500,"error":"Internal Server Error","message":"PreparedStatementCallback; SQL [Insert Into transfer (transfer_type_id, transfer_status_id, account... (701 bytes)]
2022-03-11T17:45:03.5816897 500 : [{"timestamp":"2022-03-11T23:45:03.558+00:00","status":500,"error":"Internal Server Error","message":"PreparedStatementCallback; SQL [Insert Into transfer (transfer_type_id, transfer_status_id, account... (688 bytes)]
2022-03-11T17:45:45.8547163 500 : [{"timestamp":"2022-03-11T23:45:45.853+00:00","status":500,"error":"Internal Server Error","message":"PreparedStatementCallback; SQL [Insert Into transfer (transfer_type_id, transfer_status_id, account... (688 bytes)]
2022-03-11T17:46:34.3560212 500 : [{"timestamp":"2022-03-11T23:46:34.354+00:00","status":500,"error":"Internal Server Error","message":"PreparedStatementCallback; SQL [Insert Into transfer (transfer_type_id, transfer_status_id, account... (685 bytes)]
2022-03-11T18:03:49.5856359 500 : [{"timestamp":"2022-03-12T00:03:49.552+00:00","status":500,"error":"Internal Server Error","message":"No message available","path":"/api/account/send/2005/2004/90"}]
2022-03-11T18:04:36.835576 500 : [{"timestamp":"2022-03-12T00:04:36.816+00:00","status":500,"error":"Internal Server Error","message":"No message available","path":"/api/account/send/2005/2004/90"}]
2022-03-11T18:05:17.7022839 500 : [{"timestamp":"2022-03-12T00:05:17.677+00:00","status":500,"error":"Internal Server Error","message":"No message available","path":"/api/account/send/2004/2005/1000"}]
2022-03-11T18:06:42.388628 500 : [{"timestamp":"2022-03-12T00:06:42.366+00:00","status":500,"error":"Internal Server Error","message":"No message available","path":"/api/account/send/2004/2005/1000"}]
2022-03-11T18:08:07.3803652 400 : [{"timestamp":"2022-03-12T00:08:07.316+00:00","status":400,"error":"Bad Request","message":"User registration failed.","path":"/register"}]
2022-03-11T18:08:42.6828872 500 : [{"timestamp":"2022-03-12T00:08:42.662+00:00","status":500,"error":"Internal Server Error","message":"No message available","path":"/api/account/send/2004/2005/1200"}]
